2024-07-27 10:44:58,050 - INFO - Starting the curve regularization process
2024-07-27 10:44:58,055 - INFO - Input data read successfully for isolated.csv
2024-07-27 10:46:21,936 - INFO - Starting the curve regularization process
2024-07-27 10:46:21,943 - INFO - Input data read successfully for isolated.csv
2024-07-27 10:46:36,479 - INFO - Input data visualized successfully
2024-07-27 10:46:36,480 - INFO - Detected shapes: {}
2024-07-27 10:46:36,481 - INFO - Detected shapes: {}
2024-07-27 10:46:36,482 - INFO - Detected shapes: {}
2024-07-27 10:46:37,072 - INFO - Output saved to ../data/output/isolated_sol.svg
2024-07-27 10:49:18,827 - INFO - Starting the curve regularization process
2024-07-27 10:49:18,834 - INFO - Input data read successfully for isolated.csv
2024-07-27 10:49:25,852 - INFO - Input data visualized successfully
2024-07-27 10:52:34,549 - INFO - Starting the curve regularization process
2024-07-27 10:52:34,554 - INFO - Input data read successfully for isolated.csv
2024-07-27 10:52:38,047 - INFO - Input data visualized successfully
2024-07-27 10:55:20,222 - INFO - Starting the curve regularization process
2024-07-27 10:55:20,233 - INFO - Input data read successfully for isolated.csv
2024-07-27 10:55:24,700 - INFO - Input data visualized successfully
2024-07-27 10:57:25,987 - INFO - Starting the curve regularization process
2024-07-27 10:57:25,993 - INFO - Input data read successfully for isolated.csv
2024-07-27 10:57:29,552 - INFO - Input data visualized successfully
2024-07-27 11:04:26,550 - INFO - Starting the curve regularization process
2024-07-27 11:04:26,560 - INFO - Input data read successfully for isolated.csv
2024-07-27 11:04:28,775 - INFO - Input data visualized successfully
2024-07-27 11:10:19,119 - INFO - Starting the curve regularization process
2024-07-27 11:10:19,124 - INFO - Input data read successfully for isolated.csv
2024-07-27 11:10:21,656 - INFO - Input data visualized successfully
2024-07-27 11:11:04,035 - INFO - Starting the curve regularization process
2024-07-27 11:11:04,040 - INFO - Input data read successfully for isolated.csv
2024-07-27 11:11:07,045 - INFO - Input data visualized successfully
2024-07-27 11:12:35,369 - INFO - Starting the curve regularization process
2024-07-27 11:12:35,376 - INFO - Input data read successfully for isolated.csv
2024-07-27 11:12:37,784 - INFO - Input data visualized successfully
2024-07-28 09:41:17,152 - INFO - Starting the curve regularization process
2024-07-28 09:41:17,423 - INFO - Input data read successfully for isolated.csv
2024-07-28 09:41:27,058 - INFO - Input data visualized successfully
2024-07-28 09:48:12,717 - INFO - Starting the curve regularization process
2024-07-28 09:48:12,722 - INFO - Input data read successfully for isolated.csv
2024-07-28 09:48:15,821 - INFO - Input data visualized successfully
2024-07-28 09:50:53,980 - INFO - Starting the curve regularization process
2024-07-28 09:50:53,987 - INFO - Input data read successfully for isolated.csv
2024-07-28 09:50:57,234 - INFO - Input data visualized successfully
2024-07-28 09:50:57,357 - INFO - Detected shapes: {'ellipse': ((137.10470581054688, 185.90586853027344), (129.84979248046875, 143.0549774169922), 87.17594146728516)}
2024-07-28 09:50:57,360 - INFO - Detected shapes: {'ellipse': ((191.60223388671875, 65.57575225830078), (112.56458282470703, 117.67896270751953), 169.54562377929688)}
2024-07-28 09:50:57,362 - INFO - Detected shapes: {'ellipse': ((54.948020935058594, 60.25763702392578), (124.2183837890625, 136.82183837890625), 175.36322021484375)}
2024-07-28 09:52:54,668 - INFO - Starting the curve regularization process
2024-07-28 09:52:54,674 - INFO - Input data read successfully for isolated.csv
2024-07-28 09:52:56,801 - INFO - Input data visualized successfully
2024-07-28 09:52:56,814 - INFO - Detected shapes: {'ellipse': ((137.10470581054688, 185.90586853027344), (129.84979248046875, 143.0549774169922), 87.17594146728516)}
2024-07-28 09:52:56,816 - INFO - Detected shapes: {'ellipse': ((191.60223388671875, 65.57575225830078), (112.56458282470703, 117.67896270751953), 169.54562377929688)}
2024-07-28 09:52:56,818 - INFO - Detected shapes: {'ellipse': ((54.948020935058594, 60.25763702392578), (124.2183837890625, 136.82183837890625), 175.36322021484375)}
2024-07-28 11:03:14,577 - INFO - Starting the curve regularization process
2024-07-28 11:03:14,585 - INFO - Input data read successfully for isolated.csv
2024-07-28 11:03:19,098 - INFO - Input data visualized successfully
2024-07-28 11:03:19,109 - INFO - Detected shapes: {'ellipse': ((137.10470581054688, 185.90586853027344), (129.84979248046875, 143.0549774169922), 87.17594146728516)}
2024-07-28 11:03:19,111 - INFO - Detected shapes: {'ellipse': ((191.60223388671875, 65.57575225830078), (112.56458282470703, 117.67896270751953), 169.54562377929688)}
2024-07-28 11:03:19,113 - INFO - Detected shapes: {'ellipse': ((54.948020935058594, 60.25763702392578), (124.2183837890625, 136.82183837890625), 175.36322021484375)}
2024-07-28 11:03:19,720 - INFO - Output saved to ../data/output/isolated_sol.svg
2024-07-28 12:33:55,195 - INFO - Starting the curve regularization process
2024-07-28 12:33:55,208 - INFO - Input data read successfully for isolated.csv
2024-07-28 12:34:10,548 - INFO - Input data visualized successfully
2024-07-28 12:34:10,550 - INFO - Detected shapes: {'ellipse': ((97.37802124023438, 12.756229400634766), (0.25548774003982544, 134.44052124023438), 72.34410095214844)}
2024-07-28 12:34:10,551 - INFO - Detected shapes: {'ellipse': ((54.19815444946289, 100.9894790649414), (0.6456437110900879, 6.359651565551758), 69.50243377685547)}
2024-07-28 12:34:10,553 - INFO - Detected shapes: {'ellipse': ((81.82049560546875, 89.17605590820312), (1.0722417831420898, 144.5162353515625), 152.13526916503906)}
2024-07-28 12:34:10,555 - INFO - Detected shapes: {'ellipse': ((150.47100830078125, 75.28910064697266), (5.997082233428955, 7.683292865753174), 112.93038177490234)}
2024-07-28 12:34:10,557 - INFO - Detected shapes: {'ellipse': ((122.15509033203125, 57.246559143066406), (0.8174192905426025, 32.17888259887695), 73.57825469970703)}
2024-07-28 12:34:10,559 - INFO - Detected shapes: {'ellipse': ((110.30635833740234, 37.630558013916016), (0.769385814666748, 21.891366958618164), 0.0)}
2024-07-28 12:34:10,560 - INFO - Detected shapes: {'ellipse': ((75.70207214355469, 46.32098388671875), (0.4930223226547241, 33.608333587646484), 74.99927520751953)}
2024-07-28 12:34:10,561 - INFO - Detected shapes: {'ellipse': ((111.10905456542969, 112.16893005371094), (0.7163822054862976, 30.487201690673828), 76.6187744140625)}
2024-07-28 12:34:10,563 - INFO - Detected shapes: {'ellipse': ((80.65564727783203, 17.451932907104492), (11.638861656188965, 14.023567199707031), 112.7331314086914)}
2024-07-28 12:34:10,565 - INFO - Detected shapes: {'ellipse': ((88.78752899169922, 66.43460845947266), (0.9673781394958496, 31.88738250732422), 72.86054229736328)}
2024-07-28 12:34:10,567 - INFO - Detected shapes: {'ellipse': ((115.35261535644531, 84.55378723144531), (11.122665405273438, 14.3673095703125), 114.07618713378906)}
2024-07-28 12:34:10,569 - INFO - Detected shapes: {'ellipse': ((36.1594123840332, 68.10093688964844), (19.84385871887207, 78.97691345214844), 86.09484100341797)}
2024-07-28 12:34:10,576 - INFO - Detected shapes: {'ellipse': ((34.8644905090332, 32.54827117919922), (1.4907416105270386, 17.500553131103516), 0.0)}
2024-07-28 12:34:10,579 - INFO - Detected shapes: {'ellipse': ((46.93754959106445, 53.391414642333984), (0.9650737047195435, 29.48890495300293), 74.00020599365234)}
2024-07-28 12:34:10,581 - INFO - Detected shapes: {'ellipse': ((93.49198913574219, 115.92889404296875), (0.4600551426410675, 6.254512310028076), 73.55970001220703)}
2024-07-28 12:34:10,584 - INFO - Detected shapes: {'ellipse': ((70.42523193359375, 96.6744384765625), (0.5593492388725281, 29.001502990722656), 73.85186767578125)}
2024-07-28 12:34:10,586 - INFO - Detected shapes: {'ellipse': ((31.679059982299805, 81.70574188232422), (0.6444463729858398, 32.59223937988281), 74.77957153320312)}
2024-07-28 12:34:10,588 - INFO - Detected shapes: {'ellipse': ((121.50433349609375, 110.09117126464844), (0.49380677938461304, 66.90242767333984), 77.37824249267578)}
2024-07-28 12:34:10,591 - INFO - Detected shapes: {'ellipse': ((131.42401123046875, 43.0721321105957), (1.2305971384048462, 63.30091857910156), 150.89471435546875)}
2024-07-28 12:34:10,593 - INFO - Detected shapes: {'ellipse': ((51.64281463623047, 91.86736297607422), (0.8603768348693848, 40.10714340209961), 150.7541961669922)}
2024-07-28 12:34:10,596 - INFO - Detected shapes: {'ellipse': ((22.739402770996094, 42.71836471557617), (0.6177535057067871, 35.21106719970703), 150.65953063964844)}
2024-07-28 12:34:10,598 - INFO - Detected shapes: {'ellipse': ((159.92710876464844, 73.47696685791016), (0.7445424199104309, 20.807743072509766), 75.2310562133789)}
2024-07-28 12:34:10,600 - INFO - Detected shapes: {'ellipse': ((75.60755157470703, 7.561427116394043), (0.8222934007644653, 18.540111541748047), 155.55227661132812)}
2024-07-28 12:34:10,602 - INFO - Detected shapes: {'ellipse': ((154.7068328857422, 48.60928726196289), (0.31264734268188477, 32.27180862426758), 74.15876007080078)}
2024-07-28 12:34:10,604 - INFO - Detected shapes: {'ellipse': ((133.04624938964844, 32.214202880859375), (0.6999616026878357, 16.517314910888672), 75.62255859375)}
2024-07-28 12:34:10,607 - INFO - Detected shapes: {'ellipse': ((12.045625686645508, 39.42395782470703), (0.6798704266548157, 14.47944450378418), 72.29705810546875)}
2024-07-28 12:34:11,138 - INFO - Output saved to ../data/output/isolated_sol.svg
2024-07-29 12:57:13,728 - INFO - Starting the curve regularization process
2024-07-29 12:57:13,855 - INFO - Input data read successfully for isolated.csv
2024-07-29 12:57:47,292 - INFO - Input data visualized successfully
2024-07-29 12:57:48,750 - INFO - Detected shapes: {'ellipse': ((97.37802124023438, 12.756229400634766), (0.25548774003982544, 134.44052124023438), 72.34410095214844)}
2024-07-29 12:57:48,751 - INFO - Detected shapes: {'ellipse': ((54.19815444946289, 100.9894790649414), (0.6456437110900879, 6.359651565551758), 69.50243377685547)}
2024-07-29 12:57:48,752 - INFO - Detected shapes: {'ellipse': ((81.82049560546875, 89.17605590820312), (1.0722417831420898, 144.5162353515625), 152.13526916503906)}
2024-07-29 12:57:48,753 - INFO - Detected shapes: {'ellipse': ((150.47100830078125, 75.28910064697266), (5.997082233428955, 7.683292865753174), 112.93038177490234)}
2024-07-29 12:57:48,754 - INFO - Detected shapes: {'ellipse': ((122.15509033203125, 57.246559143066406), (0.8174192905426025, 32.17888259887695), 73.57825469970703)}
2024-07-29 12:57:48,755 - INFO - Detected shapes: {'ellipse': ((110.30635833740234, 37.630558013916016), (0.769385814666748, 21.891366958618164), 0.0)}
2024-07-29 12:57:48,756 - INFO - Detected shapes: {'ellipse': ((75.70207214355469, 46.32098388671875), (0.4930223226547241, 33.608333587646484), 74.99927520751953)}
2024-07-29 12:57:48,757 - INFO - Detected shapes: {'ellipse': ((111.10905456542969, 112.16893005371094), (0.7163822054862976, 30.487201690673828), 76.6187744140625)}
2024-07-29 12:57:48,758 - INFO - Detected shapes: {'ellipse': ((80.65564727783203, 17.451932907104492), (11.638861656188965, 14.023567199707031), 112.7331314086914)}
2024-07-29 12:57:48,759 - INFO - Detected shapes: {'ellipse': ((88.78752899169922, 66.43460845947266), (0.9673781394958496, 31.88738250732422), 72.86054229736328)}
2024-07-29 12:57:48,760 - INFO - Detected shapes: {'ellipse': ((115.35261535644531, 84.55378723144531), (11.122665405273438, 14.3673095703125), 114.07618713378906)}
2024-07-29 12:57:48,761 - INFO - Detected shapes: {'ellipse': ((36.1594123840332, 68.10093688964844), (19.84385871887207, 78.97691345214844), 86.09484100341797)}
2024-07-29 12:57:48,762 - INFO - Detected shapes: {'ellipse': ((34.8644905090332, 32.54827117919922), (1.4907416105270386, 17.500553131103516), 0.0)}
2024-07-29 12:57:48,763 - INFO - Detected shapes: {'ellipse': ((46.93754959106445, 53.391414642333984), (0.9650737047195435, 29.48890495300293), 74.00020599365234)}
2024-07-29 12:57:48,764 - INFO - Detected shapes: {'ellipse': ((93.49198913574219, 115.92889404296875), (0.4600551426410675, 6.254512310028076), 73.55970001220703)}
2024-07-29 12:57:48,765 - INFO - Detected shapes: {'ellipse': ((70.42523193359375, 96.6744384765625), (0.5593492388725281, 29.001502990722656), 73.85186767578125)}
2024-07-29 12:57:48,766 - INFO - Detected shapes: {'ellipse': ((31.679059982299805, 81.70574188232422), (0.6444463729858398, 32.59223937988281), 74.77957153320312)}
2024-07-29 12:57:48,766 - INFO - Detected shapes: {'ellipse': ((121.50433349609375, 110.09117126464844), (0.49380677938461304, 66.90242767333984), 77.37824249267578)}
2024-07-29 12:57:48,767 - INFO - Detected shapes: {'ellipse': ((131.42401123046875, 43.0721321105957), (1.2305971384048462, 63.30091857910156), 150.89471435546875)}
2024-07-29 12:57:48,768 - INFO - Detected shapes: {'ellipse': ((51.64281463623047, 91.86736297607422), (0.8603768348693848, 40.10714340209961), 150.7541961669922)}
2024-07-29 12:57:48,769 - INFO - Detected shapes: {'ellipse': ((22.739402770996094, 42.71836471557617), (0.6177535057067871, 35.21106719970703), 150.65953063964844)}
2024-07-29 12:57:48,770 - INFO - Detected shapes: {'ellipse': ((159.92710876464844, 73.47696685791016), (0.7445424199104309, 20.807743072509766), 75.2310562133789)}
2024-07-29 12:57:48,770 - INFO - Detected shapes: {'ellipse': ((75.60755157470703, 7.561427116394043), (0.8222934007644653, 18.540111541748047), 155.55227661132812)}
2024-07-29 12:57:48,771 - INFO - Detected shapes: {'ellipse': ((154.7068328857422, 48.60928726196289), (0.31264734268188477, 32.27180862426758), 74.15876007080078)}
2024-07-29 12:57:48,772 - INFO - Detected shapes: {'ellipse': ((133.04624938964844, 32.214202880859375), (0.6999616026878357, 16.517314910888672), 75.62255859375)}
2024-07-29 12:57:48,772 - INFO - Detected shapes: {'ellipse': ((12.045625686645508, 39.42395782470703), (0.6798704266548157, 14.47944450378418), 72.29705810546875)}
2024-07-29 12:57:49,082 - INFO - Output saved to ../data/output/isolated_sol.svg
2024-07-29 13:16:49,462 - INFO - Starting the curve regularization process
2024-07-29 13:16:49,466 - INFO - Input data read successfully for isolated.csv
2024-07-29 13:16:53,103 - INFO - Input data visualized successfully
2024-07-29 13:16:53,105 - INFO - Detected shapes: {'ellipse': ((97.37802124023438, 12.756229400634766), (0.25548774003982544, 134.44052124023438), 72.34410095214844)}
2024-07-29 13:16:53,106 - INFO - Detected shapes: {'ellipse': ((54.19815444946289, 100.9894790649414), (0.6456437110900879, 6.359651565551758), 69.50243377685547)}
2024-07-29 13:16:53,106 - INFO - Detected shapes: {'ellipse': ((81.82049560546875, 89.17605590820312), (1.0722417831420898, 144.5162353515625), 152.13526916503906)}
2024-07-29 13:16:53,107 - INFO - Detected shapes: {'ellipse': ((150.47100830078125, 75.28910064697266), (5.997082233428955, 7.683292865753174), 112.93038177490234)}
2024-07-29 13:16:53,108 - INFO - Detected shapes: {'ellipse': ((122.15509033203125, 57.246559143066406), (0.8174192905426025, 32.17888259887695), 73.57825469970703)}
2024-07-29 13:16:53,108 - INFO - Detected shapes: {'ellipse': ((110.30635833740234, 37.630558013916016), (0.769385814666748, 21.891366958618164), 0.0)}
2024-07-29 13:16:53,109 - INFO - Detected shapes: {'ellipse': ((75.70207214355469, 46.32098388671875), (0.4930223226547241, 33.608333587646484), 74.99927520751953)}
2024-07-29 13:16:53,110 - INFO - Detected shapes: {'ellipse': ((111.10905456542969, 112.16893005371094), (0.7163822054862976, 30.487201690673828), 76.6187744140625)}
2024-07-29 13:16:53,111 - INFO - Detected shapes: {'ellipse': ((80.65564727783203, 17.451932907104492), (11.638861656188965, 14.023567199707031), 112.7331314086914)}
2024-07-29 13:16:53,111 - INFO - Detected shapes: {'ellipse': ((88.78752899169922, 66.43460845947266), (0.9673781394958496, 31.88738250732422), 72.86054229736328)}
2024-07-29 13:16:53,112 - INFO - Detected shapes: {'ellipse': ((115.35261535644531, 84.55378723144531), (11.122665405273438, 14.3673095703125), 114.07618713378906)}
2024-07-29 13:16:53,112 - INFO - Detected shapes: {'ellipse': ((36.1594123840332, 68.10093688964844), (19.84385871887207, 78.97691345214844), 86.09484100341797)}
2024-07-29 13:16:53,113 - INFO - Detected shapes: {'ellipse': ((34.8644905090332, 32.54827117919922), (1.4907416105270386, 17.500553131103516), 0.0)}
2024-07-29 13:16:53,113 - INFO - Detected shapes: {'ellipse': ((46.93754959106445, 53.391414642333984), (0.9650737047195435, 29.48890495300293), 74.00020599365234)}
2024-07-29 13:16:53,114 - INFO - Detected shapes: {'ellipse': ((93.49198913574219, 115.92889404296875), (0.4600551426410675, 6.254512310028076), 73.55970001220703)}
2024-07-29 13:16:53,114 - INFO - Detected shapes: {'ellipse': ((70.42523193359375, 96.6744384765625), (0.5593492388725281, 29.001502990722656), 73.85186767578125)}
2024-07-29 13:16:53,115 - INFO - Detected shapes: {'ellipse': ((31.679059982299805, 81.70574188232422), (0.6444463729858398, 32.59223937988281), 74.77957153320312)}
2024-07-29 13:16:53,115 - INFO - Detected shapes: {'ellipse': ((121.50433349609375, 110.09117126464844), (0.49380677938461304, 66.90242767333984), 77.37824249267578)}
2024-07-29 13:16:53,116 - INFO - Detected shapes: {'ellipse': ((131.42401123046875, 43.0721321105957), (1.2305971384048462, 63.30091857910156), 150.89471435546875)}
2024-07-29 13:16:53,117 - INFO - Detected shapes: {'ellipse': ((51.64281463623047, 91.86736297607422), (0.8603768348693848, 40.10714340209961), 150.7541961669922)}
2024-07-29 13:16:53,118 - INFO - Detected shapes: {'ellipse': ((22.739402770996094, 42.71836471557617), (0.6177535057067871, 35.21106719970703), 150.65953063964844)}
2024-07-29 13:16:53,118 - INFO - Detected shapes: {'ellipse': ((159.92710876464844, 73.47696685791016), (0.7445424199104309, 20.807743072509766), 75.2310562133789)}
2024-07-29 13:16:53,119 - INFO - Detected shapes: {'ellipse': ((75.60755157470703, 7.561427116394043), (0.8222934007644653, 18.540111541748047), 155.55227661132812)}
2024-07-29 13:16:53,120 - INFO - Detected shapes: {'ellipse': ((154.7068328857422, 48.60928726196289), (0.31264734268188477, 32.27180862426758), 74.15876007080078)}
2024-07-29 13:16:53,120 - INFO - Detected shapes: {'ellipse': ((133.04624938964844, 32.214202880859375), (0.6999616026878357, 16.517314910888672), 75.62255859375)}
2024-07-29 13:16:53,121 - INFO - Detected shapes: {'ellipse': ((12.045625686645508, 39.42395782470703), (0.6798704266548157, 14.47944450378418), 72.29705810546875)}
2024-07-29 13:16:53,476 - INFO - Output saved to ../data/output/isolated_sol.svg
2024-07-29 13:23:11,768 - INFO - Starting the curve regularization process
2024-07-29 13:23:11,768 - ERROR - Error reading input data: too many indices for array: array is 1-dimensional, but 2 were indexed
2024-07-29 13:36:06,391 - INFO - Starting the curve regularization process
2024-07-29 13:36:06,392 - INFO - Input data read successfully for circle.csv
2024-07-29 13:36:15,670 - INFO - Input data visualized successfully
2024-07-29 13:36:15,865 - INFO - Detected shapes: {'rectangle': array([[-9223372036854775808, -9223372036854775808],
       [-9223372036854775808, -9223372036854775808],
       [-9223372036854775808, -9223372036854775808],
       [-9223372036854775808, -9223372036854775808]])}
2024-07-29 13:39:10,457 - INFO - Starting the curve regularization process
2024-07-29 13:39:10,460 - INFO - Input data read successfully for circle.csv
2024-07-29 13:39:17,607 - INFO - Input data visualized successfully
2024-07-29 13:39:17,608 - INFO - Detected shapes: {'ellipse': ((75.8438491821289, 140.6370086669922), (51.17074203491211, 150.3701934814453), 75.19379425048828)}
2024-07-29 13:39:17,611 - INFO - Detected shapes: {'ellipse': ((55.69307327270508, 64.65508270263672), (87.76116180419922, 141.1663818359375), 0.631216824054718)}
2024-07-29 13:39:17,612 - INFO - Detected shapes: {'ellipse': ((55.60422134399414, 41.08245849609375), (35.801055908203125, 40.146026611328125), 31.40569305419922)}
2024-07-29 13:39:17,931 - INFO - Output saved to ../data/output/circle_sol.svg
2024-07-29 13:50:21,300 - INFO - Starting the curve regularization process
2024-07-29 13:50:21,304 - INFO - Input data read successfully for circle.csv
2024-07-29 13:50:25,641 - INFO - Input data visualized successfully
2024-07-29 13:50:25,642 - INFO - Detected shapes: {'ellipse': ((75.8438491821289, 140.6370086669922), (51.17074203491211, 150.3701934814453), 75.19379425048828)}
2024-07-29 13:50:25,644 - INFO - Detected shapes: {'ellipse': ((55.69307327270508, 64.65508270263672), (87.76116180419922, 141.1663818359375), 0.631216824054718)}
2024-07-29 13:50:25,645 - INFO - Detected shapes: {'ellipse': ((55.60422134399414, 41.08245849609375), (35.801055908203125, 40.146026611328125), 31.40569305419922)}
2024-07-29 13:50:26,713 - INFO - Output saved to ../data/output/circle_sol.svg
2024-07-29 18:05:02,048 - INFO - Starting the curve regularization process
2024-07-29 18:05:02,058 - INFO - Input data read successfully for circle.csv
2024-07-29 18:05:08,188 - INFO - Input data visualized successfully
2024-07-29 18:05:08,206 - INFO - Detected shapes: {'ellipse': ((137.10470581054688, 185.90586853027344), (129.84979248046875, 143.0549774169922), 87.17594146728516)}
2024-07-29 18:05:08,210 - INFO - Detected shapes: {'ellipse': ((191.60223388671875, 65.57575225830078), (112.56458282470703, 117.67896270751953), 169.54562377929688)}
2024-07-29 18:05:08,212 - INFO - Detected shapes: {'ellipse': ((54.948020935058594, 60.25763702392578), (124.2183837890625, 136.82183837890625), 175.36322021484375)}
2024-07-29 18:05:09,140 - INFO - Output saved to ../data/output/circle_sol.svg
2024-07-29 18:05:27,729 - INFO - Starting the curve regularization process
2024-07-29 18:05:27,739 - INFO - Input data read successfully for circle.csv
2024-07-29 18:05:47,717 - INFO - Input data visualized successfully
2024-07-29 18:05:47,733 - INFO - Detected shapes: {'ellipse': ((137.10470581054688, 185.90586853027344), (129.84979248046875, 143.0549774169922), 87.17594146728516)}
2024-07-29 18:05:47,736 - INFO - Detected shapes: {'ellipse': ((191.60223388671875, 65.57575225830078), (112.56458282470703, 117.67896270751953), 169.54562377929688)}
2024-07-29 18:05:47,738 - INFO - Detected shapes: {'ellipse': ((54.948020935058594, 60.25763702392578), (124.2183837890625, 136.82183837890625), 175.36322021484375)}
2024-07-29 18:05:48,602 - INFO - Output saved to ../data/output/circle_sol.svg
2024-07-30 11:50:25,466 - INFO - Starting the curve regularization process
2024-07-30 11:50:25,526 - INFO - Input data read successfully for circle.csv
2024-07-30 11:50:30,811 - INFO - Input data visualized successfully
2024-07-30 11:50:30,952 - INFO - Detected shapes: {'ellipse': ((137.10470581054688, 185.90586853027344), (129.84979248046875, 143.0549774169922), 87.17594146728516)}
2024-07-30 11:50:30,955 - INFO - Detected shapes: {'ellipse': ((191.60223388671875, 65.57575225830078), (112.56458282470703, 117.67896270751953), 169.54562377929688)}
2024-07-30 11:50:30,957 - INFO - Detected shapes: {'ellipse': ((54.948020935058594, 60.25763702392578), (124.2183837890625, 136.82183837890625), 175.36322021484375)}
2024-07-30 11:50:31,093 - INFO - Output saved to ../data/output/circle_sol.svg
2024-07-30 11:51:52,547 - INFO - Starting the curve regularization process
2024-07-30 11:51:52,637 - INFO - Input data read successfully for isolated.csv
2024-07-30 11:51:57,431 - INFO - Input data visualized successfully
2024-07-30 11:51:57,433 - INFO - Detected shapes: {'ellipse': ((97.37802124023438, 12.756229400634766), (0.25548774003982544, 134.44052124023438), 72.34410095214844)}
2024-07-30 11:51:57,434 - INFO - Detected shapes: {'ellipse': ((54.19815444946289, 100.9894790649414), (0.6456437110900879, 6.359651565551758), 69.50243377685547)}
2024-07-30 11:51:57,435 - INFO - Detected shapes: {'ellipse': ((81.82049560546875, 89.17605590820312), (1.0722417831420898, 144.5162353515625), 152.13526916503906)}
2024-07-30 11:51:57,436 - INFO - Detected shapes: {'ellipse': ((150.47100830078125, 75.28910064697266), (5.997082233428955, 7.683292865753174), 112.93038177490234)}
2024-07-30 11:51:57,437 - INFO - Detected shapes: {'ellipse': ((122.15509033203125, 57.246559143066406), (0.8174192905426025, 32.17888259887695), 73.57825469970703)}
2024-07-30 11:51:57,438 - INFO - Detected shapes: {'ellipse': ((110.30635833740234, 37.630558013916016), (0.769385814666748, 21.891366958618164), 0.0)}
2024-07-30 11:51:57,440 - INFO - Detected shapes: {'ellipse': ((75.70207214355469, 46.32098388671875), (0.4930223226547241, 33.608333587646484), 74.99927520751953)}
2024-07-30 11:51:57,441 - INFO - Detected shapes: {'ellipse': ((111.10905456542969, 112.16893005371094), (0.7163822054862976, 30.487201690673828), 76.6187744140625)}
2024-07-30 11:51:57,442 - INFO - Detected shapes: {'ellipse': ((80.65564727783203, 17.451932907104492), (11.638861656188965, 14.023567199707031), 112.7331314086914)}
2024-07-30 11:51:57,444 - INFO - Detected shapes: {'ellipse': ((88.78752899169922, 66.43460845947266), (0.9673781394958496, 31.88738250732422), 72.86054229736328)}
2024-07-30 11:51:57,445 - INFO - Detected shapes: {'ellipse': ((115.35261535644531, 84.55378723144531), (11.122665405273438, 14.3673095703125), 114.07618713378906)}
2024-07-30 11:51:57,446 - INFO - Detected shapes: {'ellipse': ((36.1594123840332, 68.10093688964844), (19.84385871887207, 78.97691345214844), 86.09484100341797)}
2024-07-30 11:51:57,447 - INFO - Detected shapes: {'ellipse': ((34.8644905090332, 32.54827117919922), (1.4907416105270386, 17.500553131103516), 0.0)}
2024-07-30 11:51:57,448 - INFO - Detected shapes: {'ellipse': ((46.93754959106445, 53.391414642333984), (0.9650737047195435, 29.48890495300293), 74.00020599365234)}
2024-07-30 11:51:57,449 - INFO - Detected shapes: {'ellipse': ((93.49198913574219, 115.92889404296875), (0.4600551426410675, 6.254512310028076), 73.55970001220703)}
2024-07-30 11:51:57,450 - INFO - Detected shapes: {'ellipse': ((70.42523193359375, 96.6744384765625), (0.5593492388725281, 29.001502990722656), 73.85186767578125)}
2024-07-30 11:51:57,451 - INFO - Detected shapes: {'ellipse': ((31.679059982299805, 81.70574188232422), (0.6444463729858398, 32.59223937988281), 74.77957153320312)}
2024-07-30 11:51:57,451 - INFO - Detected shapes: {'ellipse': ((121.50433349609375, 110.09117126464844), (0.49380677938461304, 66.90242767333984), 77.37824249267578)}
2024-07-30 11:51:57,452 - INFO - Detected shapes: {'ellipse': ((131.42401123046875, 43.0721321105957), (1.2305971384048462, 63.30091857910156), 150.89471435546875)}
2024-07-30 11:51:57,454 - INFO - Detected shapes: {'ellipse': ((51.64281463623047, 91.86736297607422), (0.8603768348693848, 40.10714340209961), 150.7541961669922)}
2024-07-30 11:51:57,456 - INFO - Detected shapes: {'ellipse': ((22.739402770996094, 42.71836471557617), (0.6177535057067871, 35.21106719970703), 150.65953063964844)}
2024-07-30 11:51:57,458 - INFO - Detected shapes: {'ellipse': ((159.92710876464844, 73.47696685791016), (0.7445424199104309, 20.807743072509766), 75.2310562133789)}
2024-07-30 11:51:57,459 - INFO - Detected shapes: {'ellipse': ((75.60755157470703, 7.561427116394043), (0.8222934007644653, 18.540111541748047), 155.55227661132812)}
2024-07-30 11:51:57,461 - INFO - Detected shapes: {'ellipse': ((154.7068328857422, 48.60928726196289), (0.31264734268188477, 32.27180862426758), 74.15876007080078)}
2024-07-30 11:51:57,462 - INFO - Detected shapes: {'ellipse': ((133.04624938964844, 32.214202880859375), (0.6999616026878357, 16.517314910888672), 75.62255859375)}
2024-07-30 11:51:57,463 - INFO - Detected shapes: {'ellipse': ((12.045625686645508, 39.42395782470703), (0.6798704266548157, 14.47944450378418), 72.29705810546875)}
2024-07-30 11:51:57,527 - INFO - Output saved to ../data/output/isolated_sol.svg
2024-07-30 11:54:14,474 - INFO - Starting the curve regularization process
2024-07-30 11:54:14,482 - INFO - Input data read successfully for isolated.csv
2024-07-30 11:54:18,775 - INFO - Input data visualized successfully
2024-07-30 11:54:18,777 - INFO - Detected shapes: {'ellipse': ((97.37802124023438, 12.756229400634766), (0.25548774003982544, 134.44052124023438), 72.34410095214844)}
2024-07-30 11:54:18,779 - INFO - Detected shapes: {'ellipse': ((54.19815444946289, 100.9894790649414), (0.6456437110900879, 6.359651565551758), 69.50243377685547)}
2024-07-30 11:54:18,780 - INFO - Detected shapes: {'ellipse': ((81.82049560546875, 89.17605590820312), (1.0722417831420898, 144.5162353515625), 152.13526916503906)}
2024-07-30 11:54:18,782 - INFO - Detected shapes: {'ellipse': ((150.47100830078125, 75.28910064697266), (5.997082233428955, 7.683292865753174), 112.93038177490234)}
2024-07-30 11:54:18,784 - INFO - Detected shapes: {'ellipse': ((122.15509033203125, 57.246559143066406), (0.8174192905426025, 32.17888259887695), 73.57825469970703)}
2024-07-30 11:54:18,785 - INFO - Detected shapes: {'ellipse': ((110.30635833740234, 37.630558013916016), (0.769385814666748, 21.891366958618164), 0.0)}
2024-07-30 11:54:18,787 - INFO - Detected shapes: {'ellipse': ((75.70207214355469, 46.32098388671875), (0.4930223226547241, 33.608333587646484), 74.99927520751953)}
2024-07-30 11:54:18,789 - INFO - Detected shapes: {'ellipse': ((111.10905456542969, 112.16893005371094), (0.7163822054862976, 30.487201690673828), 76.6187744140625)}
2024-07-30 11:54:18,791 - INFO - Detected shapes: {'ellipse': ((80.65564727783203, 17.451932907104492), (11.638861656188965, 14.023567199707031), 112.7331314086914)}
2024-07-30 11:54:18,794 - INFO - Detected shapes: {'ellipse': ((88.78752899169922, 66.43460845947266), (0.9673781394958496, 31.88738250732422), 72.86054229736328)}
2024-07-30 11:54:18,796 - INFO - Detected shapes: {'ellipse': ((115.35261535644531, 84.55378723144531), (11.122665405273438, 14.3673095703125), 114.07618713378906)}
2024-07-30 11:54:18,798 - INFO - Detected shapes: {'ellipse': ((36.1594123840332, 68.10093688964844), (19.84385871887207, 78.97691345214844), 86.09484100341797)}
2024-07-30 11:54:18,799 - INFO - Detected shapes: {'ellipse': ((34.8644905090332, 32.54827117919922), (1.4907416105270386, 17.500553131103516), 0.0)}
2024-07-30 11:54:18,801 - INFO - Detected shapes: {'ellipse': ((46.93754959106445, 53.391414642333984), (0.9650737047195435, 29.48890495300293), 74.00020599365234)}
2024-07-30 11:54:18,804 - INFO - Detected shapes: {'ellipse': ((93.49198913574219, 115.92889404296875), (0.4600551426410675, 6.254512310028076), 73.55970001220703)}
2024-07-30 11:54:18,806 - INFO - Detected shapes: {'ellipse': ((70.42523193359375, 96.6744384765625), (0.5593492388725281, 29.001502990722656), 73.85186767578125)}
2024-07-30 11:54:18,808 - INFO - Detected shapes: {'ellipse': ((31.679059982299805, 81.70574188232422), (0.6444463729858398, 32.59223937988281), 74.77957153320312)}
2024-07-30 11:54:18,810 - INFO - Detected shapes: {'ellipse': ((121.50433349609375, 110.09117126464844), (0.49380677938461304, 66.90242767333984), 77.37824249267578)}
2024-07-30 11:54:18,812 - INFO - Detected shapes: {'ellipse': ((131.42401123046875, 43.0721321105957), (1.2305971384048462, 63.30091857910156), 150.89471435546875)}
2024-07-30 11:54:18,814 - INFO - Detected shapes: {'ellipse': ((51.64281463623047, 91.86736297607422), (0.8603768348693848, 40.10714340209961), 150.7541961669922)}
2024-07-30 11:54:18,816 - INFO - Detected shapes: {'ellipse': ((22.739402770996094, 42.71836471557617), (0.6177535057067871, 35.21106719970703), 150.65953063964844)}
2024-07-30 11:54:18,818 - INFO - Detected shapes: {'ellipse': ((159.92710876464844, 73.47696685791016), (0.7445424199104309, 20.807743072509766), 75.2310562133789)}
2024-07-30 11:54:18,819 - INFO - Detected shapes: {'ellipse': ((75.60755157470703, 7.561427116394043), (0.8222934007644653, 18.540111541748047), 155.55227661132812)}
2024-07-30 11:54:18,819 - INFO - Detected shapes: {'ellipse': ((154.7068328857422, 48.60928726196289), (0.31264734268188477, 32.27180862426758), 74.15876007080078)}
2024-07-30 11:54:18,821 - INFO - Detected shapes: {'ellipse': ((133.04624938964844, 32.214202880859375), (0.6999616026878357, 16.517314910888672), 75.62255859375)}
2024-07-30 11:54:18,822 - INFO - Detected shapes: {'ellipse': ((12.045625686645508, 39.42395782470703), (0.6798704266548157, 14.47944450378418), 72.29705810546875)}
2024-07-30 11:54:18,930 - INFO - Output saved to ../data/output/isolated_sol.svg
2024-07-30 11:56:53,353 - INFO - Starting the curve regularization process
2024-07-30 11:56:53,362 - INFO - Input data read successfully for circle.csv
2024-07-30 11:57:02,003 - INFO - Input data visualized successfully
2024-07-30 11:57:02,019 - INFO - Detected shapes: {'ellipse': ((137.10470581054688, 185.90586853027344), (129.84979248046875, 143.0549774169922), 87.17594146728516)}
2024-07-30 11:57:02,023 - INFO - Detected shapes: {'ellipse': ((191.60223388671875, 65.57575225830078), (112.56458282470703, 117.67896270751953), 169.54562377929688)}
2024-07-30 11:57:02,026 - INFO - Detected shapes: {'ellipse': ((54.948020935058594, 60.25763702392578), (124.2183837890625, 136.82183837890625), 175.36322021484375)}
2024-07-30 11:57:02,112 - INFO - Output saved to ../data/output/circle_sol.svg
2024-07-30 12:03:12,104 - INFO - Starting the curve regularization process
2024-07-30 12:03:12,114 - INFO - Input data read successfully for circle.csv
2024-07-30 12:03:26,033 - INFO - Input data visualized successfully
2024-07-30 12:03:26,066 - INFO - Detected shapes: {'ellipse': ((137.10470581054688, 185.90586853027344), (129.84979248046875, 143.0549774169922), 87.17594146728516)}
2024-07-30 12:03:26,071 - INFO - Detected shapes: {'ellipse': ((191.60223388671875, 65.57575225830078), (112.56458282470703, 117.67896270751953), 169.54562377929688)}
2024-07-30 12:03:26,076 - INFO - Detected shapes: {'ellipse': ((54.948020935058594, 60.25763702392578), (124.2183837890625, 136.82183837890625), 175.36322021484375)}
2024-07-30 12:03:26,159 - INFO - Output saved to ../data/output/circle_sol.svg
2024-07-30 12:04:05,463 - INFO - Starting the curve regularization process
2024-07-30 12:04:05,470 - INFO - Input data read successfully for isolated.csv
2024-07-30 12:04:17,091 - INFO - Input data visualized successfully
2024-07-30 12:04:17,093 - INFO - Detected shapes: {'ellipse': ((97.37802124023438, 12.756229400634766), (0.25548774003982544, 134.44052124023438), 72.34410095214844)}
2024-07-30 12:04:17,095 - INFO - Detected shapes: {'ellipse': ((54.19815444946289, 100.9894790649414), (0.6456437110900879, 6.359651565551758), 69.50243377685547)}
2024-07-30 12:04:17,097 - INFO - Detected shapes: {'ellipse': ((81.82049560546875, 89.17605590820312), (1.0722417831420898, 144.5162353515625), 152.13526916503906)}
2024-07-30 12:04:17,099 - INFO - Detected shapes: {'ellipse': ((150.47100830078125, 75.28910064697266), (5.997082233428955, 7.683292865753174), 112.93038177490234)}
2024-07-30 12:04:17,100 - INFO - Detected shapes: {'ellipse': ((122.15509033203125, 57.246559143066406), (0.8174192905426025, 32.17888259887695), 73.57825469970703)}
2024-07-30 12:04:17,101 - INFO - Detected shapes: {'ellipse': ((110.30635833740234, 37.630558013916016), (0.769385814666748, 21.891366958618164), 0.0)}
2024-07-30 12:04:17,103 - INFO - Detected shapes: {'ellipse': ((75.70207214355469, 46.32098388671875), (0.4930223226547241, 33.608333587646484), 74.99927520751953)}
2024-07-30 12:04:17,105 - INFO - Detected shapes: {'ellipse': ((111.10905456542969, 112.16893005371094), (0.7163822054862976, 30.487201690673828), 76.6187744140625)}
2024-07-30 12:04:17,107 - INFO - Detected shapes: {'ellipse': ((80.65564727783203, 17.451932907104492), (11.638861656188965, 14.023567199707031), 112.7331314086914)}
2024-07-30 12:04:17,109 - INFO - Detected shapes: {'ellipse': ((88.78752899169922, 66.43460845947266), (0.9673781394958496, 31.88738250732422), 72.86054229736328)}
2024-07-30 12:04:17,110 - INFO - Detected shapes: {'ellipse': ((115.35261535644531, 84.55378723144531), (11.122665405273438, 14.3673095703125), 114.07618713378906)}
2024-07-30 12:04:17,112 - INFO - Detected shapes: {'ellipse': ((36.1594123840332, 68.10093688964844), (19.84385871887207, 78.97691345214844), 86.09484100341797)}
2024-07-30 12:04:17,113 - INFO - Detected shapes: {'ellipse': ((34.8644905090332, 32.54827117919922), (1.4907416105270386, 17.500553131103516), 0.0)}
2024-07-30 12:04:17,114 - INFO - Detected shapes: {'ellipse': ((46.93754959106445, 53.391414642333984), (0.9650737047195435, 29.48890495300293), 74.00020599365234)}
2024-07-30 12:04:17,116 - INFO - Detected shapes: {'ellipse': ((93.49198913574219, 115.92889404296875), (0.4600551426410675, 6.254512310028076), 73.55970001220703)}
2024-07-30 12:04:17,118 - INFO - Detected shapes: {'ellipse': ((70.42523193359375, 96.6744384765625), (0.5593492388725281, 29.001502990722656), 73.85186767578125)}
2024-07-30 12:04:17,119 - INFO - Detected shapes: {'ellipse': ((31.679059982299805, 81.70574188232422), (0.6444463729858398, 32.59223937988281), 74.77957153320312)}
2024-07-30 12:04:17,120 - INFO - Detected shapes: {'ellipse': ((121.50433349609375, 110.09117126464844), (0.49380677938461304, 66.90242767333984), 77.37824249267578)}
2024-07-30 12:04:17,121 - INFO - Detected shapes: {'ellipse': ((131.42401123046875, 43.0721321105957), (1.2305971384048462, 63.30091857910156), 150.89471435546875)}
2024-07-30 12:04:17,122 - INFO - Detected shapes: {'ellipse': ((51.64281463623047, 91.86736297607422), (0.8603768348693848, 40.10714340209961), 150.7541961669922)}
2024-07-30 12:04:17,124 - INFO - Detected shapes: {'ellipse': ((22.739402770996094, 42.71836471557617), (0.6177535057067871, 35.21106719970703), 150.65953063964844)}
2024-07-30 12:04:17,125 - INFO - Detected shapes: {'ellipse': ((159.92710876464844, 73.47696685791016), (0.7445424199104309, 20.807743072509766), 75.2310562133789)}
2024-07-30 12:04:17,126 - INFO - Detected shapes: {'ellipse': ((75.60755157470703, 7.561427116394043), (0.8222934007644653, 18.540111541748047), 155.55227661132812)}
2024-07-30 12:04:17,127 - INFO - Detected shapes: {'ellipse': ((154.7068328857422, 48.60928726196289), (0.31264734268188477, 32.27180862426758), 74.15876007080078)}
2024-07-30 12:04:17,128 - INFO - Detected shapes: {'ellipse': ((133.04624938964844, 32.214202880859375), (0.6999616026878357, 16.517314910888672), 75.62255859375)}
2024-07-30 12:04:17,128 - INFO - Detected shapes: {'ellipse': ((12.045625686645508, 39.42395782470703), (0.6798704266548157, 14.47944450378418), 72.29705810546875)}
2024-07-30 12:04:17,220 - INFO - Output saved to ../data/output/isolated_sol.svg
2024-07-30 12:08:26,797 - INFO - Starting the curve regularization process
2024-07-30 12:08:26,805 - INFO - Input data read successfully for isolated.csv
2024-07-30 12:08:30,680 - INFO - Input data visualized successfully
2024-07-30 12:08:30,682 - INFO - Detected shapes: {'ellipse': ((97.37802124023438, 12.756229400634766), (0.25548774003982544, 134.44052124023438), 72.34410095214844)}
2024-07-30 12:08:30,683 - INFO - Detected shapes: {'ellipse': ((54.19815444946289, 100.9894790649414), (0.6456437110900879, 6.359651565551758), 69.50243377685547)}
2024-07-30 12:08:30,684 - INFO - Detected shapes: {'ellipse': ((81.82049560546875, 89.17605590820312), (1.0722417831420898, 144.5162353515625), 152.13526916503906)}
2024-07-30 12:08:30,685 - INFO - Detected shapes: {'ellipse': ((150.47100830078125, 75.28910064697266), (5.997082233428955, 7.683292865753174), 112.93038177490234)}
2024-07-30 12:08:30,686 - INFO - Detected shapes: {'ellipse': ((122.15509033203125, 57.246559143066406), (0.8174192905426025, 32.17888259887695), 73.57825469970703)}
2024-07-30 12:08:30,688 - INFO - Detected shapes: {'ellipse': ((110.30635833740234, 37.630558013916016), (0.769385814666748, 21.891366958618164), 0.0)}
2024-07-30 12:08:30,689 - INFO - Detected shapes: {'ellipse': ((75.70207214355469, 46.32098388671875), (0.4930223226547241, 33.608333587646484), 74.99927520751953)}
2024-07-30 12:08:30,690 - INFO - Detected shapes: {'ellipse': ((111.10905456542969, 112.16893005371094), (0.7163822054862976, 30.487201690673828), 76.6187744140625)}
2024-07-30 12:08:30,691 - INFO - Detected shapes: {'ellipse': ((80.65564727783203, 17.451932907104492), (11.638861656188965, 14.023567199707031), 112.7331314086914)}
2024-07-30 12:08:30,692 - INFO - Detected shapes: {'ellipse': ((88.78752899169922, 66.43460845947266), (0.9673781394958496, 31.88738250732422), 72.86054229736328)}
2024-07-30 12:08:30,694 - INFO - Detected shapes: {'ellipse': ((115.35261535644531, 84.55378723144531), (11.122665405273438, 14.3673095703125), 114.07618713378906)}
2024-07-30 12:08:30,695 - INFO - Detected shapes: {'ellipse': ((36.1594123840332, 68.10093688964844), (19.84385871887207, 78.97691345214844), 86.09484100341797)}
2024-07-30 12:08:30,697 - INFO - Detected shapes: {'ellipse': ((34.8644905090332, 32.54827117919922), (1.4907416105270386, 17.500553131103516), 0.0)}
2024-07-30 12:08:30,699 - INFO - Detected shapes: {'ellipse': ((46.93754959106445, 53.391414642333984), (0.9650737047195435, 29.48890495300293), 74.00020599365234)}
2024-07-30 12:08:30,701 - INFO - Detected shapes: {'ellipse': ((93.49198913574219, 115.92889404296875), (0.4600551426410675, 6.254512310028076), 73.55970001220703)}
2024-07-30 12:08:30,703 - INFO - Detected shapes: {'ellipse': ((70.42523193359375, 96.6744384765625), (0.5593492388725281, 29.001502990722656), 73.85186767578125)}
2024-07-30 12:08:30,705 - INFO - Detected shapes: {'ellipse': ((31.679059982299805, 81.70574188232422), (0.6444463729858398, 32.59223937988281), 74.77957153320312)}
2024-07-30 12:08:30,706 - INFO - Detected shapes: {'ellipse': ((121.50433349609375, 110.09117126464844), (0.49380677938461304, 66.90242767333984), 77.37824249267578)}
2024-07-30 12:08:30,708 - INFO - Detected shapes: {'ellipse': ((131.42401123046875, 43.0721321105957), (1.2305971384048462, 63.30091857910156), 150.89471435546875)}
2024-07-30 12:08:30,709 - INFO - Detected shapes: {'ellipse': ((51.64281463623047, 91.86736297607422), (0.8603768348693848, 40.10714340209961), 150.7541961669922)}
2024-07-30 12:08:30,711 - INFO - Detected shapes: {'ellipse': ((22.739402770996094, 42.71836471557617), (0.6177535057067871, 35.21106719970703), 150.65953063964844)}
2024-07-30 12:08:30,713 - INFO - Detected shapes: {'ellipse': ((159.92710876464844, 73.47696685791016), (0.7445424199104309, 20.807743072509766), 75.2310562133789)}
2024-07-30 12:08:30,715 - INFO - Detected shapes: {'ellipse': ((75.60755157470703, 7.561427116394043), (0.8222934007644653, 18.540111541748047), 155.55227661132812)}
2024-07-30 12:08:30,717 - INFO - Detected shapes: {'ellipse': ((154.7068328857422, 48.60928726196289), (0.31264734268188477, 32.27180862426758), 74.15876007080078)}
2024-07-30 12:08:30,719 - INFO - Detected shapes: {'ellipse': ((133.04624938964844, 32.214202880859375), (0.6999616026878357, 16.517314910888672), 75.62255859375)}
2024-07-30 12:08:30,721 - INFO - Detected shapes: {'ellipse': ((12.045625686645508, 39.42395782470703), (0.6798704266548157, 14.47944450378418), 72.29705810546875)}
2024-07-30 12:08:30,795 - INFO - Output saved to ../data/output/isolated_sol.svg
2024-07-30 12:11:39,580 - INFO - Starting the curve regularization process
2024-07-30 12:11:39,587 - INFO - Input data read successfully for isolated.csv
2024-07-30 12:11:48,589 - INFO - Input data visualized successfully
2024-07-30 12:11:48,591 - INFO - Detected shapes: {'ellipse': ((97.37802124023438, 12.756229400634766), (0.25548774003982544, 134.44052124023438), 72.34410095214844)}
2024-07-30 12:11:48,593 - INFO - Detected shapes: {'ellipse': ((54.19815444946289, 100.9894790649414), (0.6456437110900879, 6.359651565551758), 69.50243377685547)}
2024-07-30 12:11:48,594 - INFO - Detected shapes: {'ellipse': ((81.82049560546875, 89.17605590820312), (1.0722417831420898, 144.5162353515625), 152.13526916503906)}
2024-07-30 12:11:48,596 - INFO - Detected shapes: {'ellipse': ((150.47100830078125, 75.28910064697266), (5.997082233428955, 7.683292865753174), 112.93038177490234)}
2024-07-30 12:11:48,598 - INFO - Detected shapes: {'ellipse': ((122.15509033203125, 57.246559143066406), (0.8174192905426025, 32.17888259887695), 73.57825469970703)}
2024-07-30 12:11:48,599 - INFO - Detected shapes: {'ellipse': ((110.30635833740234, 37.630558013916016), (0.769385814666748, 21.891366958618164), 0.0)}
2024-07-30 12:11:48,601 - INFO - Detected shapes: {'ellipse': ((75.70207214355469, 46.32098388671875), (0.4930223226547241, 33.608333587646484), 74.99927520751953)}
2024-07-30 12:11:48,603 - INFO - Detected shapes: {'ellipse': ((111.10905456542969, 112.16893005371094), (0.7163822054862976, 30.487201690673828), 76.6187744140625)}
2024-07-30 12:11:48,604 - INFO - Detected shapes: {'ellipse': ((80.65564727783203, 17.451932907104492), (11.638861656188965, 14.023567199707031), 112.7331314086914)}
2024-07-30 12:11:48,606 - INFO - Detected shapes: {'ellipse': ((88.78752899169922, 66.43460845947266), (0.9673781394958496, 31.88738250732422), 72.86054229736328)}
2024-07-30 12:11:48,607 - INFO - Detected shapes: {'ellipse': ((115.35261535644531, 84.55378723144531), (11.122665405273438, 14.3673095703125), 114.07618713378906)}
2024-07-30 12:11:48,609 - INFO - Detected shapes: {'ellipse': ((36.1594123840332, 68.10093688964844), (19.84385871887207, 78.97691345214844), 86.09484100341797)}
2024-07-30 12:11:48,612 - INFO - Detected shapes: {'ellipse': ((34.8644905090332, 32.54827117919922), (1.4907416105270386, 17.500553131103516), 0.0)}
2024-07-30 12:11:48,615 - INFO - Detected shapes: {'ellipse': ((46.93754959106445, 53.391414642333984), (0.9650737047195435, 29.48890495300293), 74.00020599365234)}
2024-07-30 12:11:48,618 - INFO - Detected shapes: {'ellipse': ((93.49198913574219, 115.92889404296875), (0.4600551426410675, 6.254512310028076), 73.55970001220703)}
2024-07-30 12:11:48,620 - INFO - Detected shapes: {'ellipse': ((70.42523193359375, 96.6744384765625), (0.5593492388725281, 29.001502990722656), 73.85186767578125)}
2024-07-30 12:11:48,623 - INFO - Detected shapes: {'ellipse': ((31.679059982299805, 81.70574188232422), (0.6444463729858398, 32.59223937988281), 74.77957153320312)}
2024-07-30 12:11:48,624 - INFO - Detected shapes: {'ellipse': ((121.50433349609375, 110.09117126464844), (0.49380677938461304, 66.90242767333984), 77.37824249267578)}
2024-07-30 12:11:48,626 - INFO - Detected shapes: {'ellipse': ((131.42401123046875, 43.0721321105957), (1.2305971384048462, 63.30091857910156), 150.89471435546875)}
2024-07-30 12:11:48,628 - INFO - Detected shapes: {'ellipse': ((51.64281463623047, 91.86736297607422), (0.8603768348693848, 40.10714340209961), 150.7541961669922)}
2024-07-30 12:11:48,631 - INFO - Detected shapes: {'ellipse': ((22.739402770996094, 42.71836471557617), (0.6177535057067871, 35.21106719970703), 150.65953063964844)}
2024-07-30 12:11:48,633 - INFO - Detected shapes: {'ellipse': ((159.92710876464844, 73.47696685791016), (0.7445424199104309, 20.807743072509766), 75.2310562133789)}
2024-07-30 12:11:48,635 - INFO - Detected shapes: {'ellipse': ((75.60755157470703, 7.561427116394043), (0.8222934007644653, 18.540111541748047), 155.55227661132812)}
2024-07-30 12:11:48,637 - INFO - Detected shapes: {'ellipse': ((154.7068328857422, 48.60928726196289), (0.31264734268188477, 32.27180862426758), 74.15876007080078)}
2024-07-30 12:11:48,639 - INFO - Detected shapes: {'ellipse': ((133.04624938964844, 32.214202880859375), (0.6999616026878357, 16.517314910888672), 75.62255859375)}
2024-07-30 12:11:48,641 - INFO - Detected shapes: {'ellipse': ((12.045625686645508, 39.42395782470703), (0.6798704266548157, 14.47944450378418), 72.29705810546875)}
2024-07-30 12:11:48,713 - INFO - Output saved to ../data/output/isolated_sol.svg
2024-07-30 12:12:37,879 - INFO - Starting the curve regularization process
2024-07-30 12:12:37,889 - INFO - Input data read successfully for circle.csv
2024-07-30 12:12:42,445 - INFO - Input data visualized successfully
2024-07-30 12:12:42,464 - INFO - Detected shapes: {'ellipse': ((137.10470581054688, 185.90586853027344), (129.84979248046875, 143.0549774169922), 87.17594146728516)}
2024-07-30 12:12:42,467 - INFO - Detected shapes: {'ellipse': ((191.60223388671875, 65.57575225830078), (112.56458282470703, 117.67896270751953), 169.54562377929688)}
2024-07-30 12:12:42,470 - INFO - Detected shapes: {'ellipse': ((54.948020935058594, 60.25763702392578), (124.2183837890625, 136.82183837890625), 175.36322021484375)}
2024-07-30 12:12:42,554 - INFO - Output saved to ../data/output/circle_sol.svg
2024-07-30 12:16:10,082 - INFO - Starting the curve regularization process
2024-07-30 12:16:10,098 - INFO - Input data read successfully for circle.csv
2024-07-30 12:16:14,869 - INFO - Input data visualized successfully
2024-07-30 12:16:14,997 - INFO - Detected shapes: {'straight_line': array([[-546.1059, -546.1059],
       [ 868.1076,  868.1076]], dtype=float32)}
2024-07-30 12:16:14,998 - INFO - Detected shapes: {'straight_line': array([[-578.72815, -578.72815],
       [ 835.48535,  835.48535]], dtype=float32)}
2024-07-30 12:16:15,000 - INFO - Detected shapes: {'straight_line': array([[-649.757 , -649.757 ],
       [ 764.4565,  764.4565]], dtype=float32)}
2024-07-30 12:16:15,107 - INFO - Output saved to ../data/output/circle_sol.svg
2024-07-30 12:18:02,142 - INFO - Starting the curve regularization process
2024-07-30 12:18:02,150 - INFO - Input data read successfully for isolated.csv
2024-07-30 12:18:06,083 - INFO - Input data visualized successfully
2024-07-30 12:18:06,085 - INFO - Detected shapes: {'straight_line': array([[-650.17993, -650.17993],
       [ 764.03357,  764.03357]], dtype=float32)}
2024-07-30 12:18:06,086 - INFO - Detected shapes: {'straight_line': array([[-636.57446, -636.57446],
       [ 777.63904,  777.63904]], dtype=float32)}
2024-07-30 12:18:06,088 - INFO - Detected shapes: {'straight_line': array([[-627.2804, -627.2804],
       [ 786.9331,  786.9331]], dtype=float32)}
2024-07-30 12:18:06,090 - INFO - Detected shapes: {'straight_line': array([[-596.6321, -596.6321],
       [ 817.5814,  817.5814]], dtype=float32)}
2024-07-30 12:18:06,092 - INFO - Detected shapes: {'straight_line': array([[-617.8485, -617.8485],
       [ 796.365 ,  796.365 ]], dtype=float32)}
2024-07-30 12:18:06,094 - INFO - Detected shapes: {'straight_line': array([[-633.358 , -633.358 ],
       [ 780.8555,  780.8555]], dtype=float32)}
2024-07-30 12:18:06,096 - INFO - Detected shapes: {'straight_line': array([[-645.60175, -645.60175],
       [ 768.61176,  768.61176]], dtype=float32)}
2024-07-30 12:18:06,098 - INFO - Detected shapes: {'straight_line': array([[-595.0908, -595.0908],
       [ 819.1227,  819.1227]], dtype=float32)}
2024-07-30 12:18:06,099 - INFO - Detected shapes: {'straight_line': array([[-641.92584, -641.92584],
       [ 772.28766,  772.28766]], dtype=float32)}
2024-07-30 12:18:06,102 - INFO - Detected shapes: {'straight_line': array([[-629.5404, -629.5404],
       [ 784.6731,  784.6731]], dtype=float32)}
2024-07-30 12:18:06,105 - INFO - Detected shapes: {'straight_line': array([[-599.23584, -599.23584],
       [ 814.97766,  814.97766]], dtype=float32)}
2024-07-30 12:18:06,107 - INFO - Detected shapes: {'straight_line': array([[-655.1547, -655.1547],
       [ 759.0588,  759.0588]], dtype=float32)}
2024-07-30 12:18:06,108 - INFO - Detected shapes: {'straight_line': array([[-673.2539, -673.2539],
       [ 740.9596,  740.9596]], dtype=float32)}
2024-07-30 12:18:06,110 - INFO - Detected shapes: {'straight_line': array([[-657.08765, -657.08765],
       [ 757.12585,  757.12585]], dtype=float32)}
2024-07-30 12:18:06,112 - INFO - Detected shapes: {'straight_line': array([[-607.1503, -607.1503],
       [ 807.0632,  807.0632]], dtype=float32)}
2024-07-30 12:18:06,113 - INFO - Detected shapes: {'straight_line': array([[-623.5155, -623.5155],
       [ 790.698 ,  790.698 ]], dtype=float32)}
2024-07-30 12:18:06,115 - INFO - Detected shapes: {'straight_line': array([[-650.4107, -650.4107],
       [ 763.8028,  763.8028]], dtype=float32)}
2024-07-30 12:18:06,117 - INFO - Detected shapes: {'straight_line': array([[-583.8721 , -583.8721 ],
       [ 830.34143,  830.34143]], dtype=float32)}
2024-07-30 12:18:06,119 - INFO - Detected shapes: {'straight_line': array([[-617.87604, -617.87604],
       [ 796.33746,  796.33746]], dtype=float32)}
2024-07-30 12:18:06,120 - INFO - Detected shapes: {'straight_line': array([[-633.87634, -633.87634],
       [ 780.33716,  780.33716]], dtype=float32)}
2024-07-30 12:18:06,122 - INFO - Detected shapes: {'straight_line': array([[-676.18585, -676.18585],
       [ 738.02765,  738.02765]], dtype=float32)}
2024-07-30 12:18:06,124 - INFO - Detected shapes: {'straight_line': array([[-590.5924, -590.5924],
       [ 823.6211,  823.6211]], dtype=float32)}
2024-07-30 12:18:06,125 - INFO - Detected shapes: {'straight_line': array([[-663.62335, -663.62335],
       [ 750.59015,  750.59015]], dtype=float32)}
2024-07-30 12:18:06,128 - INFO - Detected shapes: {'straight_line': array([[-609.0164, -609.0164],
       [ 805.1971,  805.1971]], dtype=float32)}
2024-07-30 12:18:06,129 - INFO - Detected shapes: {'straight_line': array([[-624.10034, -624.10034],
       [ 790.11316,  790.11316]], dtype=float32)}
2024-07-30 12:18:06,131 - INFO - Detected shapes: {'straight_line': array([[-681.0436, -681.0436],
       [ 733.1699,  733.1699]], dtype=float32)}
2024-07-30 12:18:06,246 - INFO - Output saved to ../data/output/isolated_sol.svg
2024-07-30 12:18:38,744 - INFO - Starting the curve regularization process
2024-07-30 12:18:38,752 - INFO - Input data read successfully for isolated.csv
2024-07-30 12:18:44,805 - INFO - Input data visualized successfully
2024-07-30 12:18:44,807 - INFO - Detected shapes: {'straight_line': array([[-650.17993, -650.17993],
       [ 764.03357,  764.03357]], dtype=float32)}
2024-07-30 12:18:44,808 - INFO - Detected shapes: {'straight_line': array([[-636.57446, -636.57446],
       [ 777.63904,  777.63904]], dtype=float32)}
2024-07-30 12:18:44,810 - INFO - Detected shapes: {'straight_line': array([[-627.2804, -627.2804],
       [ 786.9331,  786.9331]], dtype=float32)}
2024-07-30 12:18:44,812 - INFO - Detected shapes: {'straight_line': array([[-596.6321, -596.6321],
       [ 817.5814,  817.5814]], dtype=float32)}
2024-07-30 12:18:44,813 - INFO - Detected shapes: {'straight_line': array([[-617.8485, -617.8485],
       [ 796.365 ,  796.365 ]], dtype=float32)}
2024-07-30 12:18:44,814 - INFO - Detected shapes: {'straight_line': array([[-633.358 , -633.358 ],
       [ 780.8555,  780.8555]], dtype=float32)}
2024-07-30 12:18:44,815 - INFO - Detected shapes: {'straight_line': array([[-645.60175, -645.60175],
       [ 768.61176,  768.61176]], dtype=float32)}
2024-07-30 12:18:44,817 - INFO - Detected shapes: {'straight_line': array([[-595.0908, -595.0908],
       [ 819.1227,  819.1227]], dtype=float32)}
2024-07-30 12:18:44,818 - INFO - Detected shapes: {'straight_line': array([[-641.92584, -641.92584],
       [ 772.28766,  772.28766]], dtype=float32)}
2024-07-30 12:18:44,819 - INFO - Detected shapes: {'straight_line': array([[-629.5404, -629.5404],
       [ 784.6731,  784.6731]], dtype=float32)}
2024-07-30 12:18:44,820 - INFO - Detected shapes: {'straight_line': array([[-599.23584, -599.23584],
       [ 814.97766,  814.97766]], dtype=float32)}
2024-07-30 12:18:44,822 - INFO - Detected shapes: {'straight_line': array([[-655.1547, -655.1547],
       [ 759.0588,  759.0588]], dtype=float32)}
2024-07-30 12:18:44,823 - INFO - Detected shapes: {'straight_line': array([[-673.2539, -673.2539],
       [ 740.9596,  740.9596]], dtype=float32)}
2024-07-30 12:18:44,825 - INFO - Detected shapes: {'straight_line': array([[-657.08765, -657.08765],
       [ 757.12585,  757.12585]], dtype=float32)}
2024-07-30 12:18:44,827 - INFO - Detected shapes: {'straight_line': array([[-607.1503, -607.1503],
       [ 807.0632,  807.0632]], dtype=float32)}
2024-07-30 12:18:44,831 - INFO - Detected shapes: {'straight_line': array([[-623.5155, -623.5155],
       [ 790.698 ,  790.698 ]], dtype=float32)}
2024-07-30 12:18:44,833 - INFO - Detected shapes: {'straight_line': array([[-650.4107, -650.4107],
       [ 763.8028,  763.8028]], dtype=float32)}
2024-07-30 12:18:44,834 - INFO - Detected shapes: {'straight_line': array([[-583.8721 , -583.8721 ],
       [ 830.34143,  830.34143]], dtype=float32)}
2024-07-30 12:18:44,836 - INFO - Detected shapes: {'straight_line': array([[-617.87604, -617.87604],
       [ 796.33746,  796.33746]], dtype=float32)}
2024-07-30 12:18:44,838 - INFO - Detected shapes: {'straight_line': array([[-633.87634, -633.87634],
       [ 780.33716,  780.33716]], dtype=float32)}
2024-07-30 12:18:44,840 - INFO - Detected shapes: {'straight_line': array([[-676.18585, -676.18585],
       [ 738.02765,  738.02765]], dtype=float32)}
2024-07-30 12:18:44,842 - INFO - Detected shapes: {'straight_line': array([[-590.5924, -590.5924],
       [ 823.6211,  823.6211]], dtype=float32)}
2024-07-30 12:18:44,844 - INFO - Detected shapes: {'straight_line': array([[-663.62335, -663.62335],
       [ 750.59015,  750.59015]], dtype=float32)}
2024-07-30 12:18:44,845 - INFO - Detected shapes: {'straight_line': array([[-609.0164, -609.0164],
       [ 805.1971,  805.1971]], dtype=float32)}
2024-07-30 12:18:44,847 - INFO - Detected shapes: {'straight_line': array([[-624.10034, -624.10034],
       [ 790.11316,  790.11316]], dtype=float32)}
2024-07-30 12:18:44,848 - INFO - Detected shapes: {'straight_line': array([[-681.0436, -681.0436],
       [ 733.1699,  733.1699]], dtype=float32)}
2024-07-30 12:18:44,973 - INFO - Output saved to ../data/output/isolated_sol.svg
2024-07-30 12:20:39,905 - INFO - Starting the curve regularization process
2024-07-30 12:20:39,918 - INFO - Input data read successfully for frag01.csv
2024-07-30 12:20:43,874 - INFO - Input data visualized successfully
2024-07-30 12:20:43,876 - INFO - Detected shapes: {'straight_line': array([[-635.86115, -635.86115],
       [ 778.35236,  778.35236]], dtype=float32)}
2024-07-30 12:20:43,877 - INFO - Detected shapes: {'straight_line': array([[-629.1717, -629.1717],
       [ 785.0418,  785.0418]], dtype=float32)}
2024-07-30 12:20:43,878 - INFO - Detected shapes: {'straight_line': array([[-591.0432, -591.0432],
       [ 823.1703,  823.1703]], dtype=float32)}
2024-07-30 12:20:43,879 - INFO - Detected shapes: {'straight_line': array([[-574.1443, -574.1443],
       [ 840.0692,  840.0692]], dtype=float32)}
2024-07-30 12:20:43,881 - INFO - Detected shapes: {'straight_line': array([[-646.75616, -646.75616],
       [ 767.45734,  767.45734]], dtype=float32)}
2024-07-30 12:20:43,883 - INFO - Detected shapes: {'straight_line': array([[-533.3217, -533.3217],
       [ 880.8918,  880.8918]], dtype=float32)}
2024-07-30 12:20:43,885 - INFO - Detected shapes: {'straight_line': array([[-540.2681, -540.2681],
       [ 873.9454,  873.9454]], dtype=float32)}
2024-07-30 12:20:43,886 - INFO - Detected shapes: {'straight_line': array([[-651.526 , -651.526 ],
       [ 762.6875,  762.6875]], dtype=float32)}
2024-07-30 12:20:44,026 - INFO - Output saved to ../data/output/frag01_sol.svg
2024-07-30 12:21:41,653 - INFO - Starting the curve regularization process
2024-07-30 12:21:41,668 - INFO - Input data read successfully for frag01.csv
2024-07-30 12:21:45,499 - INFO - Input data visualized successfully
2024-07-30 12:21:45,502 - INFO - Detected shapes: {'ellipse': ((72.90837860107422, 114.6198959350586), (96.09081268310547, 123.78813934326172), 5.015382289886475)}
2024-07-30 12:21:45,504 - INFO - Detected shapes: {'ellipse': ((102.85721588134766, 104.13125610351562), (131.891845703125, 163.7436981201172), 66.44474029541016)}
2024-07-30 12:21:45,507 - INFO - Detected shapes: {'ellipse': ((87.72637176513672, 141.82659912109375), (88.61641693115234, 155.1833953857422), 128.3397674560547)}
2024-07-30 12:21:45,512 - INFO - Detected shapes: {'ellipse': ((151.33795166015625, 115.44415283203125), (85.59235382080078, 90.81480407714844), 4.915460109710693)}
2024-07-30 12:21:45,515 - INFO - Detected shapes: {'ellipse': ((-22.6066951751709, -10.733291625976562), (48.060768127441406, 446.9206237792969), 179.8314971923828)}
2024-07-30 12:21:45,516 - INFO - Detected shapes: {'ellipse': ((80.3390121459961, 245.1841278076172), (24.548397064208984, 131.43829345703125), 90.21739959716797)}
2024-07-30 12:21:45,518 - INFO - Detected shapes: {'ellipse': ((248.98777770996094, 29.48389434814453), (54.3860969543457, 238.05950927734375), 172.1726531982422)}
2024-07-30 12:21:45,520 - INFO - Detected shapes: {'straight_line': array([[-8.9082941e+02,  9.1815913e-01],
       [ 1.1091694e+03,  3.0648408e+00]], dtype=float32)}
2024-07-30 12:21:45,650 - INFO - Output saved to ../data/output/frag01_sol.svg
2024-07-30 12:21:56,532 - INFO - Starting the curve regularization process
2024-07-30 12:21:56,548 - INFO - Input data read successfully for frag01.csv
2024-07-30 12:22:01,688 - INFO - Input data visualized successfully
2024-07-30 12:22:01,691 - INFO - Detected shapes: {'ellipse': ((72.90837860107422, 114.6198959350586), (96.09081268310547, 123.78813934326172), 5.015382289886475)}
2024-07-30 12:22:01,694 - INFO - Detected shapes: {'ellipse': ((102.85721588134766, 104.13125610351562), (131.891845703125, 163.7436981201172), 66.44474029541016)}
2024-07-30 12:22:01,698 - INFO - Detected shapes: {'ellipse': ((87.72637176513672, 141.82659912109375), (88.61641693115234, 155.1833953857422), 128.3397674560547)}
2024-07-30 12:22:01,702 - INFO - Detected shapes: {'ellipse': ((151.33795166015625, 115.44415283203125), (85.59235382080078, 90.81480407714844), 4.915460109710693)}
2024-07-30 12:22:01,703 - INFO - Detected shapes: {'ellipse': ((-22.6066951751709, -10.733291625976562), (48.060768127441406, 446.9206237792969), 179.8314971923828)}
2024-07-30 12:22:01,705 - INFO - Detected shapes: {'ellipse': ((80.3390121459961, 245.1841278076172), (24.548397064208984, 131.43829345703125), 90.21739959716797)}
2024-07-30 12:22:01,706 - INFO - Detected shapes: {'ellipse': ((248.98777770996094, 29.48389434814453), (54.3860969543457, 238.05950927734375), 172.1726531982422)}
2024-07-30 12:22:01,709 - INFO - Detected shapes: {'straight_line': array([[-8.9082941e+02,  9.1815913e-01],
       [ 1.1091694e+03,  3.0648408e+00]], dtype=float32)}
2024-07-30 12:22:01,831 - INFO - Output saved to ../data/output/frag01_sol.svg
2024-07-30 12:23:00,936 - INFO - Starting the curve regularization process
2024-07-30 12:23:00,949 - INFO - Input data read successfully for frag01.csv
2024-07-30 12:23:03,686 - INFO - Input data visualized successfully
2024-07-30 12:23:03,688 - INFO - Detected shapes: {'ellipse': ((72.90837860107422, 114.6198959350586), (96.09081268310547, 123.78813934326172), 5.015382289886475)}
2024-07-30 12:23:03,689 - INFO - Detected shapes: {'ellipse': ((102.85721588134766, 104.13125610351562), (131.891845703125, 163.7436981201172), 66.44474029541016)}
2024-07-30 12:23:03,691 - INFO - Detected shapes: {'ellipse': ((87.72637176513672, 141.82659912109375), (88.61641693115234, 155.1833953857422), 128.3397674560547)}
2024-07-30 12:23:03,694 - INFO - Detected shapes: {'ellipse': ((151.33795166015625, 115.44415283203125), (85.59235382080078, 90.81480407714844), 4.915460109710693)}
2024-07-30 12:23:03,696 - INFO - Detected shapes: {'ellipse': ((-22.6066951751709, -10.733291625976562), (48.060768127441406, 446.9206237792969), 179.8314971923828)}
2024-07-30 12:23:03,698 - INFO - Detected shapes: {'ellipse': ((80.3390121459961, 245.1841278076172), (24.548397064208984, 131.43829345703125), 90.21739959716797)}
2024-07-30 12:23:03,699 - INFO - Detected shapes: {'ellipse': ((248.98777770996094, 29.48389434814453), (54.3860969543457, 238.05950927734375), 172.1726531982422)}
2024-07-30 12:23:03,701 - INFO - Detected shapes: {'straight_line': array([[-8.9082941e+02,  9.1815913e-01],
       [ 1.1091694e+03,  3.0648408e+00]], dtype=float32)}
2024-07-30 12:23:03,821 - INFO - Output saved to ../data/output/frag01_sol.svg
2024-07-30 12:23:09,855 - INFO - Starting the curve regularization process
2024-07-30 12:23:09,863 - INFO - Input data read successfully for isolated.csv
2024-07-30 12:23:13,442 - INFO - Input data visualized successfully
2024-07-30 12:23:13,444 - INFO - Detected shapes: {'ellipse': ((97.37802124023438, 12.756229400634766), (0.25548774003982544, 134.44052124023438), 72.34410095214844)}
2024-07-30 12:23:13,446 - INFO - Detected shapes: {'ellipse': ((54.19815444946289, 100.9894790649414), (0.6456437110900879, 6.359651565551758), 69.50243377685547)}
2024-07-30 12:23:13,447 - INFO - Detected shapes: {'ellipse': ((81.82049560546875, 89.17605590820312), (1.0722417831420898, 144.5162353515625), 152.13526916503906)}
2024-07-30 12:23:13,449 - INFO - Detected shapes: {'ellipse': ((150.47100830078125, 75.28910064697266), (5.997082233428955, 7.683292865753174), 112.93038177490234)}
2024-07-30 12:23:13,450 - INFO - Detected shapes: {'ellipse': ((122.15509033203125, 57.246559143066406), (0.8174192905426025, 32.17888259887695), 73.57825469970703)}
2024-07-30 12:23:13,451 - INFO - Detected shapes: {'ellipse': ((110.30635833740234, 37.630558013916016), (0.769385814666748, 21.891366958618164), 0.0)}
2024-07-30 12:23:13,452 - INFO - Detected shapes: {'ellipse': ((75.70207214355469, 46.32098388671875), (0.4930223226547241, 33.608333587646484), 74.99927520751953)}
2024-07-30 12:23:13,453 - INFO - Detected shapes: {'ellipse': ((111.10905456542969, 112.16893005371094), (0.7163822054862976, 30.487201690673828), 76.6187744140625)}
2024-07-30 12:23:13,456 - INFO - Detected shapes: {'ellipse': ((80.65564727783203, 17.451932907104492), (11.638861656188965, 14.023567199707031), 112.7331314086914)}
2024-07-30 12:23:13,457 - INFO - Detected shapes: {'ellipse': ((88.78752899169922, 66.43460845947266), (0.9673781394958496, 31.88738250732422), 72.86054229736328)}
2024-07-30 12:23:13,459 - INFO - Detected shapes: {'ellipse': ((115.35261535644531, 84.55378723144531), (11.122665405273438, 14.3673095703125), 114.07618713378906)}
2024-07-30 12:23:13,460 - INFO - Detected shapes: {'ellipse': ((36.1594123840332, 68.10093688964844), (19.84385871887207, 78.97691345214844), 86.09484100341797)}
2024-07-30 12:23:13,462 - INFO - Detected shapes: {'ellipse': ((34.8644905090332, 32.54827117919922), (1.4907416105270386, 17.500553131103516), 0.0)}
2024-07-30 12:23:13,463 - INFO - Detected shapes: {'ellipse': ((46.93754959106445, 53.391414642333984), (0.9650737047195435, 29.48890495300293), 74.00020599365234)}
2024-07-30 12:23:13,465 - INFO - Detected shapes: {'ellipse': ((93.49198913574219, 115.92889404296875), (0.4600551426410675, 6.254512310028076), 73.55970001220703)}
2024-07-30 12:23:13,466 - INFO - Detected shapes: {'ellipse': ((70.42523193359375, 96.6744384765625), (0.5593492388725281, 29.001502990722656), 73.85186767578125)}
2024-07-30 12:23:13,468 - INFO - Detected shapes: {'ellipse': ((31.679059982299805, 81.70574188232422), (0.6444463729858398, 32.59223937988281), 74.77957153320312)}
2024-07-30 12:23:13,469 - INFO - Detected shapes: {'ellipse': ((121.50433349609375, 110.09117126464844), (0.49380677938461304, 66.90242767333984), 77.37824249267578)}
2024-07-30 12:23:13,471 - INFO - Detected shapes: {'ellipse': ((131.42401123046875, 43.0721321105957), (1.2305971384048462, 63.30091857910156), 150.89471435546875)}
2024-07-30 12:23:13,473 - INFO - Detected shapes: {'ellipse': ((51.64281463623047, 91.86736297607422), (0.8603768348693848, 40.10714340209961), 150.7541961669922)}
2024-07-30 12:23:13,474 - INFO - Detected shapes: {'ellipse': ((22.739402770996094, 42.71836471557617), (0.6177535057067871, 35.21106719970703), 150.65953063964844)}
2024-07-30 12:23:13,476 - INFO - Detected shapes: {'ellipse': ((159.92710876464844, 73.47696685791016), (0.7445424199104309, 20.807743072509766), 75.2310562133789)}
2024-07-30 12:23:13,477 - INFO - Detected shapes: {'ellipse': ((75.60755157470703, 7.561427116394043), (0.8222934007644653, 18.540111541748047), 155.55227661132812)}
2024-07-30 12:23:13,478 - INFO - Detected shapes: {'ellipse': ((154.7068328857422, 48.60928726196289), (0.31264734268188477, 32.27180862426758), 74.15876007080078)}
2024-07-30 12:23:13,479 - INFO - Detected shapes: {'ellipse': ((133.04624938964844, 32.214202880859375), (0.6999616026878357, 16.517314910888672), 75.62255859375)}
2024-07-30 12:23:13,480 - INFO - Detected shapes: {'ellipse': ((12.045625686645508, 39.42395782470703), (0.6798704266548157, 14.47944450378418), 72.29705810546875)}
2024-07-30 12:23:13,548 - INFO - Output saved to ../data/output/isolated_sol.svg
2024-07-30 18:42:27,993 - INFO - Starting the curve regularization process
2024-07-30 18:42:28,001 - INFO - Input data read successfully for isolated.csv
2024-07-30 18:42:37,294 - INFO - Input data visualized successfully
2024-07-30 18:42:37,296 - INFO - Detected shapes: {'ellipse': ((97.37802124023438, 12.756229400634766), (0.25548774003982544, 134.44052124023438), 72.34410095214844)}
2024-07-30 18:42:37,299 - INFO - Symmetry Axis: [ 0.95289254 -0.30330846], Centroid: [103.0084    10.846609]
2024-07-30 18:42:37,301 - INFO - Detected shapes: {'ellipse': ((54.19815444946289, 100.9894790649414), (0.6456437110900879, 6.359651565551758), 69.50243377685547)}
2024-07-30 18:42:37,303 - INFO - Symmetry Axis: [ 0.966585   -0.25634646], Centroid: [ 35.099762 105.961174]
2024-07-30 18:42:37,306 - INFO - Detected shapes: {'ellipse': ((81.82049560546875, 89.17605590820312), (1.0722417831420898, 144.5162353515625), 152.13526916503906)}
2024-07-30 18:42:37,310 - INFO - Symmetry Axis: [0.47044    0.88243204], Centroid: [77.97601 81.67608]
2024-07-30 18:42:37,312 - INFO - Detected shapes: {'ellipse': ((150.47100830078125, 75.28910064697266), (5.997082233428955, 7.683292865753174), 112.93038177490234)}
2024-07-30 18:42:37,314 - INFO - Symmetry Axis: [ 9.999996e-01 -8.470431e-04], Centroid: [139.81836  81.13374]
2024-07-30 18:42:37,315 - INFO - Detected shapes: {'ellipse': ((122.15509033203125, 57.246559143066406), (0.8174192905426025, 32.17888259887695), 73.57825469970703)}
2024-07-30 18:42:37,318 - INFO - Symmetry Axis: [ 0.9631101  -0.26910776], Centroid: [120.7473    57.766792]
2024-07-30 18:42:37,322 - INFO - Detected shapes: {'ellipse': ((110.30635833740234, 37.630558013916016), (0.769385814666748, 21.891366958618164), 0.0)}
2024-07-30 18:42:37,328 - INFO - Symmetry Axis: [ 0.96837425 -0.24950199], Centroid: [109.75562  37.73288]
2024-07-30 18:42:37,330 - INFO - Detected shapes: {'ellipse': ((75.70207214355469, 46.32098388671875), (0.4930223226547241, 33.608333587646484), 74.99927520751953)}
2024-07-30 18:42:37,333 - INFO - Symmetry Axis: [ 0.9685436  -0.24884403], Centroid: [77.09888 45.90927]
2024-07-30 18:42:37,335 - INFO - Detected shapes: {'ellipse': ((111.10905456542969, 112.16893005371094), (0.7163822054862976, 30.487201690673828), 76.6187744140625)}
2024-07-30 18:42:37,337 - INFO - Symmetry Axis: [ 0.9757087 -0.2190718], Centroid: [112.19686 111.83211]
2024-07-30 18:42:37,339 - INFO - Detected shapes: {'ellipse': ((80.65564727783203, 17.451932907104492), (11.638861656188965, 14.023567199707031), 112.7331314086914)}
2024-07-30 18:42:37,340 - INFO - Symmetry Axis: [0.64799803 0.7616421 ], Centroid: [87.72324 42.6416 ]
2024-07-30 18:42:37,341 - INFO - Detected shapes: {'ellipse': ((88.78752899169922, 66.43460845947266), (0.9673781394958496, 31.88738250732422), 72.86054229736328)}
2024-07-30 18:42:37,343 - INFO - Symmetry Axis: [ 0.9626499  -0.27074945], Centroid: [88.61045 66.51443]
2024-07-30 18:42:37,344 - INFO - Detected shapes: {'ellipse': ((115.35261535644531, 84.55378723144531), (11.122665405273438, 14.3673095703125), 114.07618713378906)}
2024-07-30 18:42:37,345 - INFO - Symmetry Axis: [0.76875085 0.6395483 ], Centroid: [115.95568  99.79011]
2024-07-30 18:42:37,346 - INFO - Detected shapes: {'ellipse': ((36.1594123840332, 68.10093688964844), (19.84385871887207, 78.97691345214844), 86.09484100341797)}
2024-07-30 18:42:37,348 - INFO - Symmetry Axis: [0.96627265 0.2575215 ], Centroid: [36.25533 67.64918]
2024-07-30 18:42:37,349 - INFO - Detected shapes: {'ellipse': ((34.8644905090332, 32.54827117919922), (1.4907416105270386, 17.500553131103516), 0.0)}
2024-07-30 18:42:37,351 - INFO - Symmetry Axis: [ 0.95095736 -0.30932188], Centroid: [35.35739  32.337917]
2024-07-30 18:42:37,352 - INFO - Detected shapes: {'ellipse': ((46.93754959106445, 53.391414642333984), (0.9650737047195435, 29.48890495300293), 74.00020599365234)}
2024-07-30 18:42:37,353 - INFO - Symmetry Axis: [ 0.96795356 -0.25112906], Centroid: [46.482044 53.554394]
2024-07-30 18:42:37,354 - INFO - Detected shapes: {'ellipse': ((93.49198913574219, 115.92889404296875), (0.4600551426410675, 6.254512310028076), 73.55970001220703)}
2024-07-30 18:42:37,356 - INFO - Symmetry Axis: [ 0.9763984  -0.21597736], Centroid: [ 81.40009 118.51026]
2024-07-30 18:42:37,357 - INFO - Detected shapes: {'ellipse': ((70.42523193359375, 96.6744384765625), (0.5593492388725281, 29.001502990722656), 73.85186767578125)}
2024-07-30 18:42:37,358 - INFO - Symmetry Axis: [ 0.9645759 -0.2638053], Centroid: [70.52577  96.646866]
2024-07-30 18:42:37,359 - INFO - Detected shapes: {'ellipse': ((31.679059982299805, 81.70574188232422), (0.6444463729858398, 32.59223937988281), 74.77957153320312)}
2024-07-30 18:42:37,360 - INFO - Symmetry Axis: [ 0.96438617 -0.2644981 ], Centroid: [31.307022 82.05908 ]
2024-07-30 18:42:37,361 - INFO - Detected shapes: {'ellipse': ((121.50433349609375, 110.09117126464844), (0.49380677938461304, 66.90242767333984), 77.37824249267578)}
2024-07-30 18:42:37,362 - INFO - Symmetry Axis: [ 0.9763564 -0.2161674], Centroid: [140.86186  105.600296]
2024-07-30 18:42:37,364 - INFO - Detected shapes: {'ellipse': ((131.42401123046875, 43.0721321105957), (1.2305971384048462, 63.30091857910156), 150.89471435546875)}
2024-07-30 18:42:37,365 - INFO - Symmetry Axis: [0.49609327 0.8682692 ], Centroid: [132.79941   45.673737]
2024-07-30 18:42:37,367 - INFO - Detected shapes: {'ellipse': ((51.64281463623047, 91.86736297607422), (0.8603768348693848, 40.10714340209961), 150.7541961669922)}
2024-07-30 18:42:37,369 - INFO - Symmetry Axis: [0.49691117 0.86780137], Centroid: [52.53507  93.930595]
2024-07-30 18:42:37,370 - INFO - Detected shapes: {'ellipse': ((22.739402770996094, 42.71836471557617), (0.6177535057067871, 35.21106719970703), 150.65953063964844)}
2024-07-30 18:42:37,372 - INFO - Symmetry Axis: [0.4981242 0.8671056], Centroid: [21.508398 40.350254]
2024-07-30 18:42:37,373 - INFO - Detected shapes: {'ellipse': ((159.92710876464844, 73.47696685791016), (0.7445424199104309, 20.807743072509766), 75.2310562133789)}
2024-07-30 18:42:37,375 - INFO - Symmetry Axis: [ 0.96723026 -0.25390097], Centroid: [159.79636  73.24444]
2024-07-30 18:42:37,376 - INFO - Detected shapes: {'ellipse': ((75.60755157470703, 7.561427116394043), (0.8222934007644653, 18.540111541748047), 155.55227661132812)}
2024-07-30 18:42:37,376 - INFO - Symmetry Axis: [0.4304487 0.902615 ], Centroid: [76.73037  10.234478]
2024-07-30 18:42:37,377 - INFO - Detected shapes: {'ellipse': ((154.7068328857422, 48.60928726196289), (0.31264734268188477, 32.27180862426758), 74.15876007080078)}
2024-07-30 18:42:37,378 - INFO - Symmetry Axis: [ 0.96163   -0.2743496], Centroid: [144.91667   51.274807]
2024-07-30 18:42:37,379 - INFO - Detected shapes: {'ellipse': ((133.04624938964844, 32.214202880859375), (0.6999616026878357, 16.517314910888672), 75.62255859375)}
2024-07-30 18:42:37,380 - INFO - Symmetry Axis: [ 0.9676368 -0.2523472], Centroid: [134.37549   31.649984]
2024-07-30 18:42:37,382 - INFO - Detected shapes: {'ellipse': ((12.045625686645508, 39.42395782470703), (0.6798704266548157, 14.47944450378418), 72.29705810546875)}
2024-07-30 18:42:37,384 - INFO - Symmetry Axis: [ 0.95233166 -0.30506444], Centroid: [12.618616 39.48242 ]
2024-07-30 18:42:37,465 - INFO - Output saved to ../data/output/isolated_sol.svg
2024-07-30 18:43:13,457 - INFO - Starting the curve regularization process
2024-07-30 18:43:13,466 - INFO - Input data read successfully for isolated.csv
2024-07-30 18:43:18,169 - INFO - Input data visualized successfully
2024-07-30 18:43:18,171 - INFO - Detected shapes: {'ellipse': ((97.37802124023438, 12.756229400634766), (0.25548774003982544, 134.44052124023438), 72.34410095214844)}
2024-07-30 18:43:18,177 - INFO - Symmetry Axis: [ 0.95289254 -0.30330846], Centroid: [103.0084    10.846609]
2024-07-30 18:43:18,179 - INFO - Detected shapes: {'ellipse': ((54.19815444946289, 100.9894790649414), (0.6456437110900879, 6.359651565551758), 69.50243377685547)}
2024-07-30 18:43:18,181 - INFO - Symmetry Axis: [ 0.966585   -0.25634646], Centroid: [ 35.099762 105.961174]
2024-07-30 18:43:18,182 - INFO - Detected shapes: {'ellipse': ((81.82049560546875, 89.17605590820312), (1.0722417831420898, 144.5162353515625), 152.13526916503906)}
2024-07-30 18:43:18,183 - INFO - Symmetry Axis: [0.47044    0.88243204], Centroid: [77.97601 81.67608]
2024-07-30 18:43:18,186 - INFO - Detected shapes: {'ellipse': ((150.47100830078125, 75.28910064697266), (5.997082233428955, 7.683292865753174), 112.93038177490234)}
2024-07-30 18:43:18,187 - INFO - Symmetry Axis: [ 9.999996e-01 -8.470431e-04], Centroid: [139.81836  81.13374]
2024-07-30 18:43:18,189 - INFO - Detected shapes: {'ellipse': ((122.15509033203125, 57.246559143066406), (0.8174192905426025, 32.17888259887695), 73.57825469970703)}
2024-07-30 18:43:18,192 - INFO - Symmetry Axis: [ 0.9631101  -0.26910776], Centroid: [120.7473    57.766792]
2024-07-30 18:43:18,195 - INFO - Detected shapes: {'ellipse': ((110.30635833740234, 37.630558013916016), (0.769385814666748, 21.891366958618164), 0.0)}
2024-07-30 18:43:18,197 - INFO - Symmetry Axis: [ 0.96837425 -0.24950199], Centroid: [109.75562  37.73288]
2024-07-30 18:43:18,199 - INFO - Detected shapes: {'ellipse': ((75.70207214355469, 46.32098388671875), (0.4930223226547241, 33.608333587646484), 74.99927520751953)}
2024-07-30 18:43:18,202 - INFO - Symmetry Axis: [ 0.9685436  -0.24884403], Centroid: [77.09888 45.90927]
2024-07-30 18:43:18,204 - INFO - Detected shapes: {'ellipse': ((111.10905456542969, 112.16893005371094), (0.7163822054862976, 30.487201690673828), 76.6187744140625)}
2024-07-30 18:43:18,206 - INFO - Symmetry Axis: [ 0.9757087 -0.2190718], Centroid: [112.19686 111.83211]
2024-07-30 18:43:18,209 - INFO - Detected shapes: {'ellipse': ((80.65564727783203, 17.451932907104492), (11.638861656188965, 14.023567199707031), 112.7331314086914)}
2024-07-30 18:43:18,211 - INFO - Symmetry Axis: [0.64799803 0.7616421 ], Centroid: [87.72324 42.6416 ]
2024-07-30 18:43:18,213 - INFO - Detected shapes: {'ellipse': ((88.78752899169922, 66.43460845947266), (0.9673781394958496, 31.88738250732422), 72.86054229736328)}
2024-07-30 18:43:18,217 - INFO - Symmetry Axis: [ 0.9626499  -0.27074945], Centroid: [88.61045 66.51443]
2024-07-30 18:43:18,219 - INFO - Detected shapes: {'ellipse': ((115.35261535644531, 84.55378723144531), (11.122665405273438, 14.3673095703125), 114.07618713378906)}
2024-07-30 18:43:18,221 - INFO - Symmetry Axis: [0.76875085 0.6395483 ], Centroid: [115.95568  99.79011]
2024-07-30 18:43:18,222 - INFO - Detected shapes: {'ellipse': ((36.1594123840332, 68.10093688964844), (19.84385871887207, 78.97691345214844), 86.09484100341797)}
2024-07-30 18:43:18,223 - INFO - Symmetry Axis: [0.96627265 0.2575215 ], Centroid: [36.25533 67.64918]
2024-07-30 18:43:18,225 - INFO - Detected shapes: {'ellipse': ((34.8644905090332, 32.54827117919922), (1.4907416105270386, 17.500553131103516), 0.0)}
2024-07-30 18:43:18,226 - INFO - Symmetry Axis: [ 0.95095736 -0.30932188], Centroid: [35.35739  32.337917]
2024-07-30 18:43:18,228 - INFO - Detected shapes: {'ellipse': ((46.93754959106445, 53.391414642333984), (0.9650737047195435, 29.48890495300293), 74.00020599365234)}
2024-07-30 18:43:18,229 - INFO - Symmetry Axis: [ 0.96795356 -0.25112906], Centroid: [46.482044 53.554394]
2024-07-30 18:43:18,231 - INFO - Detected shapes: {'ellipse': ((93.49198913574219, 115.92889404296875), (0.4600551426410675, 6.254512310028076), 73.55970001220703)}
2024-07-30 18:43:18,232 - INFO - Symmetry Axis: [ 0.9763984  -0.21597736], Centroid: [ 81.40009 118.51026]
2024-07-30 18:43:18,234 - INFO - Detected shapes: {'ellipse': ((70.42523193359375, 96.6744384765625), (0.5593492388725281, 29.001502990722656), 73.85186767578125)}
2024-07-30 18:43:18,235 - INFO - Symmetry Axis: [ 0.9645759 -0.2638053], Centroid: [70.52577  96.646866]
2024-07-30 18:43:18,236 - INFO - Detected shapes: {'ellipse': ((31.679059982299805, 81.70574188232422), (0.6444463729858398, 32.59223937988281), 74.77957153320312)}
2024-07-30 18:43:18,238 - INFO - Symmetry Axis: [ 0.96438617 -0.2644981 ], Centroid: [31.307022 82.05908 ]
2024-07-30 18:43:18,238 - INFO - Detected shapes: {'ellipse': ((121.50433349609375, 110.09117126464844), (0.49380677938461304, 66.90242767333984), 77.37824249267578)}
2024-07-30 18:43:18,239 - INFO - Symmetry Axis: [ 0.9763564 -0.2161674], Centroid: [140.86186  105.600296]
2024-07-30 18:43:18,241 - INFO - Detected shapes: {'ellipse': ((131.42401123046875, 43.0721321105957), (1.2305971384048462, 63.30091857910156), 150.89471435546875)}
2024-07-30 18:43:18,242 - INFO - Symmetry Axis: [0.49609327 0.8682692 ], Centroid: [132.79941   45.673737]
2024-07-30 18:43:18,243 - INFO - Detected shapes: {'ellipse': ((51.64281463623047, 91.86736297607422), (0.8603768348693848, 40.10714340209961), 150.7541961669922)}
2024-07-30 18:43:18,243 - INFO - Symmetry Axis: [0.49691117 0.86780137], Centroid: [52.53507  93.930595]
2024-07-30 18:43:18,244 - INFO - Detected shapes: {'ellipse': ((22.739402770996094, 42.71836471557617), (0.6177535057067871, 35.21106719970703), 150.65953063964844)}
2024-07-30 18:43:18,245 - INFO - Symmetry Axis: [0.4981242 0.8671056], Centroid: [21.508398 40.350254]
2024-07-30 18:43:18,247 - INFO - Detected shapes: {'ellipse': ((159.92710876464844, 73.47696685791016), (0.7445424199104309, 20.807743072509766), 75.2310562133789)}
2024-07-30 18:43:18,247 - INFO - Symmetry Axis: [ 0.96723026 -0.25390097], Centroid: [159.79636  73.24444]
2024-07-30 18:43:18,248 - INFO - Detected shapes: {'ellipse': ((75.60755157470703, 7.561427116394043), (0.8222934007644653, 18.540111541748047), 155.55227661132812)}
2024-07-30 18:43:18,248 - INFO - Symmetry Axis: [0.4304487 0.902615 ], Centroid: [76.73037  10.234478]
2024-07-30 18:43:18,249 - INFO - Detected shapes: {'ellipse': ((154.7068328857422, 48.60928726196289), (0.31264734268188477, 32.27180862426758), 74.15876007080078)}
2024-07-30 18:43:18,249 - INFO - Symmetry Axis: [ 0.96163   -0.2743496], Centroid: [144.91667   51.274807]
2024-07-30 18:43:18,250 - INFO - Detected shapes: {'ellipse': ((133.04624938964844, 32.214202880859375), (0.6999616026878357, 16.517314910888672), 75.62255859375)}
2024-07-30 18:43:18,251 - INFO - Symmetry Axis: [ 0.9676368 -0.2523472], Centroid: [134.37549   31.649984]
2024-07-30 18:43:18,252 - INFO - Detected shapes: {'ellipse': ((12.045625686645508, 39.42395782470703), (0.6798704266548157, 14.47944450378418), 72.29705810546875)}
2024-07-30 18:43:18,253 - INFO - Symmetry Axis: [ 0.95233166 -0.30506444], Centroid: [12.618616 39.48242 ]
2024-07-30 18:43:18,319 - INFO - Output saved to ../data/output/isolated_sol.svg
